main.obj : error LNK2019: unresolved external symbol _glfwInit referenced in function "public: __thiscall SceneRunner::SceneRunner(class std::basic_string<char,struct std::char_traits<char>,class std::allocator<char> > const &,int,int,int)" (??0SceneRunner@@QAE@ABV?$basic_string@DU?$char_traits@D@std@@V?$allocator@D@2@@std@@HHH@Z)
main.obj : error LNK2019: unresolved external symbol _glfwTerminate referenced in function "public: __thiscall SceneRunner::SceneRunner(class std::basic_string<char,struct std::char_traits<char>,class std::allocator<char> > const &,int,int,int)" (??0SceneRunner@@QAE@ABV?$basic_string@DU?$char_traits@D@std@@V?$allocator@D@2@@std@@HHH@Z)
main.obj : error LNK2019: unresolved external symbol _glfwWindowHint referenced in function "public: __thiscall SceneRunner::SceneRunner(class std::basic_string<char,struct std::char_traits<char>,class std::allocator<char> > const &,int,int,int)" (??0SceneRunner@@QAE@ABV?$basic_string@DU?$char_traits@D@std@@V?$allocator@D@2@@std@@HHH@Z)
main.obj : error LNK2019: unresolved external symbol _glfwCreateWindow referenced in function "public: __thiscall SceneRunner::SceneRunner(class std::basic_string<char,struct std::char_traits<char>,class std::allocator<char> > const &,int,int,int)" (??0SceneRunner@@QAE@ABV?$basic_string@DU?$char_traits@D@std@@V?$allocator@D@2@@std@@HHH@Z)
main.obj : error LNK2019: unresolved external symbol _glfwWindowShouldClose referenced in function "private: void __thiscall SceneRunner::mainLoop(struct GLFWwindow *,class std::unique_ptr<class Scene,struct std::default_delete<class Scene> >)" (?mainLoop@SceneRunner@@AAEXPAUGLFWwindow@@V?$unique_ptr@VScene@@U?$default_delete@VScene@@@std@@@std@@@Z)
main.obj : error LNK2019: unresolved external symbol _glfwGetFramebufferSize referenced in function "public: __thiscall SceneRunner::SceneRunner(class std::basic_string<char,struct std::char_traits<char>,class std::allocator<char> > const &,int,int,int)" (??0SceneRunner@@QAE@ABV?$basic_string@DU?$char_traits@D@std@@V?$allocator@D@2@@std@@HHH@Z)
main.obj : error LNK2019: unresolved external symbol _glfwPollEvents referenced in function "private: void __thiscall SceneRunner::mainLoop(struct GLFWwindow *,class std::unique_ptr<class Scene,struct std::default_delete<class Scene> >)" (?mainLoop@SceneRunner@@AAEXPAUGLFWwindow@@V?$unique_ptr@VScene@@U?$default_delete@VScene@@@std@@@std@@@Z)
main.obj : error LNK2019: unresolved external symbol _glfwGetKey referenced in function "private: void __thiscall SceneRunner::mainLoop(struct GLFWwindow *,class std::unique_ptr<class Scene,struct std::default_delete<class Scene> >)" (?mainLoop@SceneRunner@@AAEXPAUGLFWwindow@@V?$unique_ptr@VScene@@U?$default_delete@VScene@@@std@@@std@@@Z)
main.obj : error LNK2019: unresolved external symbol _glfwGetTime referenced in function "private: void __thiscall SceneRunner::mainLoop(struct GLFWwindow *,class std::unique_ptr<class Scene,struct std::default_delete<class Scene> >)" (?mainLoop@SceneRunner@@AAEXPAUGLFWwindow@@V?$unique_ptr@VScene@@U?$default_delete@VScene@@@std@@@std@@@Z)
main.obj : error LNK2019: unresolved external symbol _glfwMakeContextCurrent referenced in function "public: __thiscall SceneRunner::SceneRunner(class std::basic_string<char,struct std::char_traits<char>,class std::allocator<char> > const &,int,int,int)" (??0SceneRunner@@QAE@ABV?$basic_string@DU?$char_traits@D@std@@V?$allocator@D@2@@std@@HHH@Z)
main.obj : error LNK2019: unresolved external symbol _glfwSwapBuffers referenced in function "private: void __thiscall SceneRunner::mainLoop(struct GLFWwindow *,class std::unique_ptr<class Scene,struct std::default_delete<class Scene> >)" (?mainLoop@SceneRunner@@AAEXPAUGLFWwindow@@V?$unique_ptr@VScene@@U?$default_delete@VScene@@@std@@@std@@@Z)
main.obj : error LNK2019: unresolved external symbol "int __cdecl GLUtils::checkForOpenGLError(char const *,int)" (?checkForOpenGLError@GLUtils@@YAHPBDH@Z) referenced in function "private: void __thiscall SceneRunner::mainLoop(struct GLFWwindow *,class std::unique_ptr<class Scene,struct std::default_delete<class Scene> >)" (?mainLoop@SceneRunner@@AAEXPAUGLFWwindow@@V?$unique_ptr@VScene@@U?$default_delete@VScene@@@std@@@std@@@Z)
main.obj : error LNK2019: unresolved external symbol "void __cdecl GLUtils::dumpGLInfo(bool)" (?dumpGLInfo@GLUtils@@YAX_N@Z) referenced in function "public: __thiscall SceneRunner::SceneRunner(class std::basic_string<char,struct std::char_traits<char>,class std::allocator<char> > const &,int,int,int)" (??0SceneRunner@@QAE@ABV?$basic_string@DU?$char_traits@D@std@@V?$allocator@D@2@@std@@HHH@Z)
main.obj : error LNK2019: unresolved external symbol "void __stdcall GLUtils::debugCallback(unsigned int,unsigned int,unsigned int,unsigned int,int,char const *,void const *)" (?debugCallback@GLUtils@@YGXIIIIHPBDPBX@Z) referenced in function "public: __thiscall SceneRunner::SceneRunner(class std::basic_string<char,struct std::char_traits<char>,class std::allocator<char> > const &,int,int,int)" (??0SceneRunner@@QAE@ABV?$basic_string@DU?$char_traits@D@std@@V?$allocator@D@2@@std@@HHH@Z)
main.obj : error LNK2019: unresolved external symbol "public: __thiscall SceneDecay::SceneDecay(void)" (??0SceneDecay@@QAE@XZ) referenced in function _main
main.obj : error LNK2019: unresolved external symbol "public: __thiscall SceneNightVision::SceneNightVision(void)" (??0SceneNightVision@@QAE@XZ) referenced in function _main
main.obj : error LNK2019: unresolved external symbol "public: __thiscall ScenePaint::ScenePaint(void)" (??0ScenePaint@@QAE@XZ) referenced in function _main
main.obj : error LNK2019: unresolved external symbol "public: __thiscall SceneSky::SceneSky(void)" (??0SceneSky@@QAE@XZ) referenced in function _main
main.obj : error LNK2019: unresolved external symbol "public: __thiscall SceneWood::SceneWood(void)" (??0SceneWood@@QAE@XZ) referenced in function _main
main.obj : error LNK2019: unresolved external symbol "public: __thiscall SceneNoise::SceneNoise(void)" (??0SceneNoise@@QAE@XZ) referenced in function _main
main.obj : error LNK2019: unresolved external symbol "public: __thiscall SceneRust::SceneRust(void)" (??0SceneRust@@QAE@XZ) referenced in function _main
D:\TH_Grafikshader\Wolff3rd\referat\Isolated9\Isolated9\Debug\Isolated9.exe : fatal error LNK1120: 21 unresolved externals
