d:\th_grafikshader\wolff3rd\referat\isolated9\isolated9\isolated9\x64\debug\vc142.pdb
d:\th_grafikshader\wolff3rd\referat\isolated9\isolated9\isolated9\x64\debug\vc142.idb
d:\th_grafikshader\wolff3rd\referat\isolated9\isolated9\isolated9\x64\debug\glad.obj
d:\th_grafikshader\wolff3rd\referat\isolated9\isolated9\isolated9\x64\debug\scenewood.obj
d:\th_grafikshader\wolff3rd\referat\isolated9\isolated9\isolated9\x64\debug\scenesky.obj
d:\th_grafikshader\wolff3rd\referat\isolated9\isolated9\isolated9\x64\debug\scenerust.obj
d:\th_grafikshader\wolff3rd\referat\isolated9\isolated9\isolated9\x64\debug\scenepaint.obj
d:\th_grafikshader\wolff3rd\referat\isolated9\isolated9\isolated9\x64\debug\scenenoise.obj
d:\th_grafikshader\wolff3rd\referat\isolated9\isolated9\isolated9\x64\debug\scenenightvision.obj
d:\th_grafikshader\wolff3rd\referat\isolated9\isolated9\isolated9\x64\debug\scenedecay.obj
d:\th_grafikshader\wolff3rd\referat\isolated9\isolated9\isolated9\x64\debug\noisetex.obj
d:\th_grafikshader\wolff3rd\referat\isolated9\isolated9\isolated9\x64\debug\main.obj
d:\th_grafikshader\wolff3rd\referat\isolated9\isolated9\isolated9\x64\debug\glutils.obj
d:\th_grafikshader\wolff3rd\referat\isolated9\isolated9\isolated9\x64\debug\trianglemesh.obj
d:\th_grafikshader\wolff3rd\referat\isolated9\isolated9\isolated9\x64\debug\torus.obj
d:\th_grafikshader\wolff3rd\referat\isolated9\isolated9\isolated9\x64\debug\texture.obj
d:\th_grafikshader\wolff3rd\referat\isolated9\isolated9\isolated9\x64\debug\teapot.obj
d:\th_grafikshader\wolff3rd\referat\isolated9\isolated9\isolated9\x64\debug\skybox.obj
d:\th_grafikshader\wolff3rd\referat\isolated9\isolated9\isolated9\x64\debug\plane.obj
d:\th_grafikshader\wolff3rd\referat\isolated9\isolated9\isolated9\x64\debug\glslprogram.obj
d:\th_grafikshader\wolff3rd\referat\isolated9\isolated9\isolated9\x64\debug\imgui_widgets.obj
d:\th_grafikshader\wolff3rd\referat\isolated9\isolated9\isolated9\x64\debug\imgui_tables.obj
d:\th_grafikshader\wolff3rd\referat\isolated9\isolated9\isolated9\x64\debug\imgui_impl_opengl3.obj
d:\th_grafikshader\wolff3rd\referat\isolated9\isolated9\isolated9\x64\debug\imgui_impl_glfw.obj
d:\th_grafikshader\wolff3rd\referat\isolated9\isolated9\isolated9\x64\debug\imgui_draw.obj
d:\th_grafikshader\wolff3rd\referat\isolated9\isolated9\isolated9\x64\debug\imgui_demo.obj
d:\th_grafikshader\wolff3rd\referat\isolated9\isolated9\isolated9\x64\debug\imgui.obj
d:\th_grafikshader\wolff3rd\referat\isolated9\isolated9\x64\debug\isolated9.exe
d:\th_grafikshader\wolff3rd\referat\isolated9\isolated9\x64\debug\isolated9.ilk
d:\th_grafikshader\wolff3rd\referat\isolated9\isolated9\x64\debug\isolated9.pdb
d:\th_grafikshader\wolff3rd\referat\isolated9\isolated9\isolated9\x64\debug\isolated9.tlog\cl.command.1.tlog
d:\th_grafikshader\wolff3rd\referat\isolated9\isolated9\isolated9\x64\debug\isolated9.tlog\cl.read.1.tlog
d:\th_grafikshader\wolff3rd\referat\isolated9\isolated9\isolated9\x64\debug\isolated9.tlog\cl.write.1.tlog
d:\th_grafikshader\wolff3rd\referat\isolated9\isolated9\isolated9\x64\debug\isolated9.tlog\link.command.1.tlog
d:\th_grafikshader\wolff3rd\referat\isolated9\isolated9\isolated9\x64\debug\isolated9.tlog\link.read.1.tlog
d:\th_grafikshader\wolff3rd\referat\isolated9\isolated9\isolated9\x64\debug\isolated9.tlog\link.write.1.tlog
