d:\th_grafikshader\wolff3rd\referat\isolated9\isolated9\isolated9\x64\release\vc142.pdb
d:\th_grafikshader\wolff3rd\referat\isolated9\isolated9\isolated9\x64\release\glad.obj
d:\th_grafikshader\wolff3rd\referat\isolated9\isolated9\isolated9\x64\release\trianglemesh.obj
d:\th_grafikshader\wolff3rd\referat\isolated9\isolated9\isolated9\x64\release\torus.obj
d:\th_grafikshader\wolff3rd\referat\isolated9\isolated9\isolated9\x64\release\texture.obj
d:\th_grafikshader\wolff3rd\referat\isolated9\isolated9\isolated9\x64\release\teapot.obj
d:\th_grafikshader\wolff3rd\referat\isolated9\isolated9\isolated9\x64\release\skybox.obj
d:\th_grafikshader\wolff3rd\referat\isolated9\isolated9\isolated9\x64\release\scenewood.obj
d:\th_grafikshader\wolff3rd\referat\isolated9\isolated9\isolated9\x64\release\scenesky.obj
d:\th_grafikshader\wolff3rd\referat\isolated9\isolated9\isolated9\x64\release\scenerust.obj
d:\th_grafikshader\wolff3rd\referat\isolated9\isolated9\isolated9\x64\release\scenepaint.obj
d:\th_grafikshader\wolff3rd\referat\isolated9\isolated9\isolated9\x64\release\scenenoise.obj
d:\th_grafikshader\wolff3rd\referat\isolated9\isolated9\isolated9\x64\release\scenenightvision.obj
d:\th_grafikshader\wolff3rd\referat\isolated9\isolated9\isolated9\x64\release\scenedecay.obj
d:\th_grafikshader\wolff3rd\referat\isolated9\isolated9\isolated9\x64\release\plane.obj
d:\th_grafikshader\wolff3rd\referat\isolated9\isolated9\isolated9\x64\release\noisetex.obj
d:\th_grafikshader\wolff3rd\referat\isolated9\isolated9\isolated9\x64\release\main.obj
d:\th_grafikshader\wolff3rd\referat\isolated9\isolated9\isolated9\x64\release\glutils.obj
d:\th_grafikshader\wolff3rd\referat\isolated9\isolated9\isolated9\x64\release\glslprogram.obj
d:\th_grafikshader\wolff3rd\referat\isolated9\isolated9\isolated9\x64\release\imgui_widgets.obj
d:\th_grafikshader\wolff3rd\referat\isolated9\isolated9\isolated9\x64\release\imgui_tables.obj
d:\th_grafikshader\wolff3rd\referat\isolated9\isolated9\isolated9\x64\release\imgui_impl_opengl3.obj
d:\th_grafikshader\wolff3rd\referat\isolated9\isolated9\isolated9\x64\release\imgui_impl_glfw.obj
d:\th_grafikshader\wolff3rd\referat\isolated9\isolated9\isolated9\x64\release\imgui_draw.obj
d:\th_grafikshader\wolff3rd\referat\isolated9\isolated9\isolated9\x64\release\imgui_demo.obj
d:\th_grafikshader\wolff3rd\referat\isolated9\isolated9\isolated9\x64\release\imgui.obj
d:\th_grafikshader\wolff3rd\referat\isolated9\isolated9\x64\release\isolated9.ipdb
d:\th_grafikshader\wolff3rd\referat\isolated9\isolated9\x64\release\isolated9.iobj
d:\th_grafikshader\wolff3rd\referat\isolated9\isolated9\x64\release\isolated9.exe
d:\th_grafikshader\wolff3rd\referat\isolated9\isolated9\x64\release\isolated9.pdb
d:\th_grafikshader\wolff3rd\referat\isolated9\isolated9\isolated9\x64\release\isolated9.tlog\cl.command.1.tlog
d:\th_grafikshader\wolff3rd\referat\isolated9\isolated9\isolated9\x64\release\isolated9.tlog\cl.read.1.tlog
d:\th_grafikshader\wolff3rd\referat\isolated9\isolated9\isolated9\x64\release\isolated9.tlog\cl.write.1.tlog
d:\th_grafikshader\wolff3rd\referat\isolated9\isolated9\isolated9\x64\release\isolated9.tlog\isolated9.write.1u.tlog
d:\th_grafikshader\wolff3rd\referat\isolated9\isolated9\isolated9\x64\release\isolated9.tlog\link.command.1.tlog
d:\th_grafikshader\wolff3rd\referat\isolated9\isolated9\isolated9\x64\release\isolated9.tlog\link.read.1.tlog
d:\th_grafikshader\wolff3rd\referat\isolated9\isolated9\isolated9\x64\release\isolated9.tlog\link.write.1.tlog
